<?xml version="1.0" encoding="UTF-8"?>
<testsuites name="jest tests" tests="9" failures="0" errors="0" time="1.525">
  <testsuite name="tests/main.test.js" errors="0" failures="0" skipped="0" timestamp="2025-07-08T15:24:35" time="1.464" tests="9">
    <testcase classname="MCP Server Test Suite" name="should return correct health status" time="0.136">
    </testcase>
    <testcase classname="MCP Server Test Suite" name="should return correct MCP info" time="0.137">
    </testcase>
    <testcase classname="MCP Server Test Suite" name="should list users from data service" time="0.098">
    </testcase>
    <testcase classname="MCP Server Test Suite" name="should create new user" time="0.096">
    </testcase>
    <testcase classname="MCP Server Test Suite" name="should list available tools" time="0.099">
    </testcase>
    <testcase classname="MCP Server Test Suite" name="should perform addition calculation" time="0.107">
    </testcase>
    <testcase classname="MCP Server Test Suite" name="should throw error for division by zero" time="0.12">
    </testcase>
    <testcase classname="MCP Server Test Suite" name="should list available resources" time="0.133">
    </testcase>
    <testcase classname="MCP Server Test Suite" name="should read users resource" time="0.121">
    </testcase>
  </testsuite>
</testsuites>